Performing C SOURCE FILE Test CMAKE_HAVE_LIBC_PTHREAD failed with the following output:
Change Dir: /home/sadrac/CURSOS-2020-I/TCG/TopicosGrafica/Lab4/build/CMakeFiles/CMakeTmp

Run Build Command(s):/usr/bin/make cmTC_15720/fast && /usr/bin/make  -f CMakeFiles/cmTC_15720.dir/build.make CMakeFiles/cmTC_15720.dir/build
make[1]: se entra en el directorio '/home/sadrac/CURSOS-2020-I/TCG/TopicosGrafica/Lab4/build/CMakeFiles/CMakeTmp'
Building C object CMakeFiles/cmTC_15720.dir/src.c.o
/opt/cuda/bin/gcc   -fPIC -DCMAKE_HAVE_LIBC_PTHREAD   -o CMakeFiles/cmTC_15720.dir/src.c.o   -c /home/sadrac/CURSOS-2020-I/TCG/TopicosGrafica/Lab4/build/CMakeFiles/CMakeTmp/src.c
Linking C executable cmTC_15720
/usr/bin/cmake -E cmake_link_script CMakeFiles/cmTC_15720.dir/link.txt --verbose=1
/opt/cuda/bin/gcc -fPIC -DCMAKE_HAVE_LIBC_PTHREAD  -lcblas  CMakeFiles/cmTC_15720.dir/src.c.o  -o cmTC_15720 
/usr/bin/ld: CMakeFiles/cmTC_15720.dir/src.c.o: en la función `main':
src.c:(.text+0x3e): referencia a `pthread_create' sin definir
/usr/bin/ld: src.c:(.text+0x4a): referencia a `pthread_detach' sin definir
/usr/bin/ld: src.c:(.text+0x56): referencia a `pthread_cancel' sin definir
/usr/bin/ld: src.c:(.text+0x67): referencia a `pthread_join' sin definir
collect2: error: ld returned 1 exit status
make[1]: *** [CMakeFiles/cmTC_15720.dir/build.make:107: cmTC_15720] Error 1
make[1]: se sale del directorio '/home/sadrac/CURSOS-2020-I/TCG/TopicosGrafica/Lab4/build/CMakeFiles/CMakeTmp'
make: *** [Makefile:141: cmTC_15720/fast] Error 2


Source file was:
#include <pthread.h>

void* test_func(void* data)
{
  return data;
}

int main(void)
{
  pthread_t thread;
  pthread_create(&thread, NULL, test_func, NULL);
  pthread_detach(thread);
  pthread_cancel(thread);
  pthread_join(thread, NULL);
  pthread_atfork(NULL, NULL, NULL);
  pthread_exit(NULL);

  return 0;
}

Determining if the function pthread_create exists in the pthreads failed with the following output:
Change Dir: /home/sadrac/CURSOS-2020-I/TCG/TopicosGrafica/Lab4/build/CMakeFiles/CMakeTmp

Run Build Command(s):/usr/bin/make cmTC_77ffe/fast && /usr/bin/make  -f CMakeFiles/cmTC_77ffe.dir/build.make CMakeFiles/cmTC_77ffe.dir/build
make[1]: se entra en el directorio '/home/sadrac/CURSOS-2020-I/TCG/TopicosGrafica/Lab4/build/CMakeFiles/CMakeTmp'
Building C object CMakeFiles/cmTC_77ffe.dir/CheckFunctionExists.c.o
/opt/cuda/bin/gcc   -fPIC -DCHECK_FUNCTION_EXISTS=pthread_create   -o CMakeFiles/cmTC_77ffe.dir/CheckFunctionExists.c.o   -c /usr/share/cmake-3.17/Modules/CheckFunctionExists.c
Linking C executable cmTC_77ffe
/usr/bin/cmake -E cmake_link_script CMakeFiles/cmTC_77ffe.dir/link.txt --verbose=1
/opt/cuda/bin/gcc -fPIC -DCHECK_FUNCTION_EXISTS=pthread_create  -lcblas  CMakeFiles/cmTC_77ffe.dir/CheckFunctionExists.c.o  -o cmTC_77ffe  -lpthreads 
/usr/bin/ld: no se puede encontrar -lpthreads
collect2: error: ld returned 1 exit status
make[1]: *** [CMakeFiles/cmTC_77ffe.dir/build.make:107: cmTC_77ffe] Error 1
make[1]: se sale del directorio '/home/sadrac/CURSOS-2020-I/TCG/TopicosGrafica/Lab4/build/CMakeFiles/CMakeTmp'
make: *** [Makefile:141: cmTC_77ffe/fast] Error 2



